<?xml version="1.0" encoding="UTF-8"?>
<!-- Generated by org.testng.reporters.JUnitReportReporter -->
<testsuite hostname="LAPTOP-HAQQEV7R" failures="0" tests="1" name="jiraApi2" time="3.762" errors="0" timestamp="2021-01-06T11:52:47 GMT+07:00" skipped="0">
  <testcase classname="jiraApi2" name="JiraAPI" time="3.762"/>
  <system-out/>
</testsuite> <!-- jiraApi2 -->
