<?xml version="1.0" encoding="UTF-8"?>
<!-- Generated by org.testng.reporters.JUnitReportReporter -->
<testsuite hostname="LAPTOP-HAQQEV7R" failures="0" tests="1" name="jiraApi1" time="4.214" errors="0" timestamp="2021-01-06T11:31:50 GMT+07:00" skipped="0">
  <testcase classname="jiraApi1" name="JiraAPI" time="4.214"/>
  <system-out/>
</testsuite> <!-- jiraApi1 -->
