<?xml version="1.0" encoding="UTF-8"?>
<!-- Generated by org.testng.reporters.JUnitReportReporter -->
<testsuite hostname="LAPTOP-HAQQEV7R" failures="0" tests="1" name="basics3" time="4.575" errors="0" timestamp="2021-01-05T13:38:37 GMT+07:00" skipped="0">
  <testcase classname="basics3" name="postGet" time="4.575"/>
  <system-out/>
</testsuite> <!-- basics3 -->
