<?xml version="1.0" encoding="UTF-8"?>
<!-- Generated by org.testng.reporters.JUnitReportReporter -->
<testsuite hostname="LAPTOP-HAQQEV7R" failures="0" tests="1" name="basics4" time="8.748" errors="0" timestamp="2021-01-06T09:20:25 GMT+07:00" skipped="0">
  <testcase classname="basics4" name="Test" time="8.748"/>
  <system-out/>
</testsuite> <!-- basics4 -->
