<?xml version="1.0" encoding="UTF-8"?>
<!-- Generated by org.testng.reporters.JUnitReportReporter -->
<testsuite hostname="LAPTOP-HAQQEV7R" failures="0" tests="1" name="basics1" time="6.017" errors="0" timestamp="2021-01-05T13:29:52 GMT+07:00" skipped="0">
  <testcase classname="basics1" name="Test" time="6.017"/>
  <system-out/>
</testsuite> <!-- basics1 -->
