<?xml version="1.0" encoding="UTF-8"?>
<!-- Generated by org.testng.reporters.JUnitReportReporter -->
<testsuite hostname="LAPTOP-HAQQEV7R" failures="0" tests="1" name="jiraApi1" time="177.157" errors="0" timestamp="2021-01-07T23:46:59 GMT+07:00" skipped="0">
  <testcase classname="jiraApi1" name="JiraAPI" time="177.157"/>
  <system-out/>
</testsuite> <!-- jiraApi1 -->
