<?xml version="1.0" encoding="UTF-8"?>
<!-- Generated by org.testng.reporters.JUnitReportReporter -->
<testsuite hostname="LAPTOP-HAQQEV7R" failures="0" tests="1" name="basics2" time="3.371" errors="0" timestamp="2021-01-07T23:43:13 GMT+07:00" skipped="0">
  <testcase classname="basics2" name="postData" time="3.371"/>
  <system-out/>
</testsuite> <!-- basics2 -->
