<?xml version="1.0" encoding="UTF-8"?>
<!-- Generated by org.testng.reporters.JUnitReportReporter -->
<testsuite hostname="LAPTOP-HAQQEV7R" failures="0" tests="1" name="basics4" time="5.165" errors="0" timestamp="2021-01-07T23:43:43 GMT+07:00" skipped="0">
  <testcase classname="basics4" name="Test" time="5.165"/>
  <system-out/>
</testsuite> <!-- basics4 -->
