<?xml version="1.0" encoding="UTF-8"?>
<!-- Generated by org.testng.reporters.JUnitReportReporter -->
<testsuite hostname="LAPTOP-HAQQEV7R" failures="0" tests="1" name="basics1" time="3.860" errors="0" timestamp="2021-01-07T23:42:57 GMT+07:00" skipped="0">
  <testcase classname="basics1" name="Test" time="3.860"/>
  <system-out/>
</testsuite> <!-- basics1 -->
