<?xml version="1.0" encoding="UTF-8"?>
<!-- Generated by org.testng.reporters.JUnitReportReporter -->
<testsuite hostname="LAPTOP-HAQQEV7R" failures="0" tests="1" name="basics3" time="3.681" errors="0" timestamp="2021-01-07T23:43:24 GMT+07:00" skipped="0">
  <testcase classname="basics3" name="postGet" time="3.681"/>
  <system-out/>
</testsuite> <!-- basics3 -->
