<?xml version="1.0" encoding="UTF-8"?>
<!-- Generated by org.testng.reporters.JUnitReportReporter -->
<testsuite hostname="LAPTOP-HAQQEV7R" failures="0" tests="1" name="basics_xml" time="4.358" errors="0" timestamp="2021-01-05T13:37:38 GMT+07:00" skipped="0">
  <testcase classname="basics_xml" name="Test" time="4.358"/>
  <system-out/>
</testsuite> <!-- basics_xml -->
