<?xml version="1.0" encoding="UTF-8"?>
<!-- Generated by org.testng.reporters.JUnitReportReporter -->
<testsuite hostname="LAPTOP-HAQQEV7R" failures="0" tests="1" name="jiraApi2" time="10.023" errors="0" timestamp="2021-01-07T23:47:51 GMT+07:00" skipped="0">
  <testcase classname="jiraApi2" name="JiraAPI" time="10.023"/>
  <system-out/>
</testsuite> <!-- jiraApi2 -->
